<?xml version="1.0" encoding="UTF-8"?>
<!-- Generated by org.testng.reporters.JUnitReportReporter -->
<testsuite hostname="DESKTOP-1FFCFTR" failures="0" tests="1" name="ATTMPT2.E2EProject.ValidateNavigationBar" time="1.007" errors="0" timestamp="22 Mar 2022 07:10:11 GMT">
  <testcase classname="ATTMPT2.E2EProject.ValidateNavigationBar" name="validateNavBar" time="1.007"/>
</testsuite> <!-- ATTMPT2.E2EProject.ValidateNavigationBar -->
