<?xml version="1.0" encoding="UTF-8"?>
<!-- Generated by org.testng.reporters.JUnitReportReporter -->
<testsuite hostname="DESKTOP-1FFCFTR" failures="0" tests="2" name="ATTMPT2.E2EProject.HomePage" time="73.647" errors="0" timestamp="22 Mar 2022 07:10:11 GMT">
  <testcase classname="ATTMPT2.E2EProject.HomePage" name="basePageNavigation" time="32.229"/>
  <testcase classname="ATTMPT2.E2EProject.HomePage" name="basePageNavigation" time="41.418"/>
</testsuite> <!-- ATTMPT2.E2EProject.HomePage -->
