<?xml version="1.0" encoding="UTF-8"?>
<!-- Generated by org.testng.reporters.JUnitReportReporter -->
<testsuite hostname="DESKTOP-1FFCFTR" name="ATTMPT2.E2EProject.HomePage" tests="2" failures="0" timestamp="20 Mar 2022 03:09:31 GMT" time="170.912" errors="0">
  <testcase name="basePageNavigation" time="84.813" classname="ATTMPT2.E2EProject.HomePage"/>
  <testcase name="basePageNavigation" time="86.099" classname="ATTMPT2.E2EProject.HomePage"/>
</testsuite> <!-- ATTMPT2.E2EProject.HomePage -->
