<?xml version="1.0" encoding="UTF-8"?>
<!-- Generated by org.testng.reporters.JUnitReportReporter -->
<testsuite hostname="DESKTOP-1FFCFTR" name="ATTMPT2.E2EProject.ValidateNavigationBar" tests="1" failures="0" timestamp="20 Mar 2022 03:09:31 GMT" time="0.635" errors="0">
  <testcase name="validateNavBar" time="0.635" classname="ATTMPT2.E2EProject.ValidateNavigationBar"/>
</testsuite> <!-- ATTMPT2.E2EProject.ValidateNavigationBar -->
